<?xml version="1.0" encoding="UTF-8"?>
<testsuite xmlns:xsi="http://www.w3.org/2001/XMLSchema-instance" xsi:noNamespaceSchemaLocation="https://maven.apache.org/surefire/maven-surefire-plugin/xsd/surefire-test-report.xsd" name="Test_Runner.testrunner" time="0.928" tests="5" errors="2" skipped="3" failures="0">
  <properties>
[...]
</properties>
  <testcase name="Given Open firefox and start application" classname="| 10000 | 1.5 | 80 | 180 | 84 |" time="0.008">
    <error type="java.lang.ExceptionInInitializerError">java.lang.ExceptionInInitializerError
Caused by: java.lang.reflect.InaccessibleObjectException: Unable to make field private final java.util.Comparator java.util.TreeMap.comparator accessible: module java.base does not "opens java.util" to unnamed module @76a3e297
</error>
  </testcase>
  <testcase name="| 10000 | 1.5 | 80 | 180 | 84 |" classname="| 10000 | 1.5 | 80 | 180 | 84 |" time="0.009">
    <error type="java.lang.ExceptionInInitializerError">java.lang.ExceptionInInitializerError
Caused by: java.lang.reflect.InaccessibleObjectException: Unable to make field private final java.util.Comparator java.util.TreeMap.comparator accessible: module java.base does not "opens java.util" to unnamed module @76a3e297
</error>
  </testcase>
  <testcase name="When User enters &quot;10000&quot; and &quot;1.5&quot; and &quot;80&quot; and  &quot;180&quot; and &quot;84&quot;" classname="| 10000 | 1.5 | 80 | 180 | 84 |" time="0">
    <skipped/>
  </testcase>
  <testcase name="Then Message displayed Search Successful" classname="| 10000 | 1.5 | 80 | 180 | 84 |" time="0">
    <skipped/>
  </testcase>
  <testcase name="Then Application should be closed" classname="| 10000 | 1.5 | 80 | 180 | 84 |" time="0">
    <skipped/>
  </testcase>
</testsuite>