<?xml version="1.0" encoding="UTF-8"?>
<testsuite xmlns:xsi="http://www.w3.org/2001/XMLSchema-instance" xsi:noNamespaceSchemaLocation="https://maven.apache.org/surefire/maven-surefire-plugin/xsd/surefire-test-report.xsd" name="Test_Runner.testrunner" time="53.709" tests="5" errors="0" skipped="0" failures="0">
  <properties>
[...]
</properties>
  <testcase name="Given Open firefox and start application" classname="| 10000 | 1.5 | 80 | 180 | 84 |" time="0.004"/>
  <testcase name="When User enters &quot;10000&quot; and &quot;1.5&quot; and &quot;80&quot; and  &quot;180&quot; and &quot;84&quot;" classname="| 10000 | 1.5 | 80 | 180 | 84 |" time="0"/>
  <testcase name="Then Message displayed Search Successful" classname="| 10000 | 1.5 | 80 | 180 | 84 |" time="0"/>
  <testcase name="Then Application should be closed" classname="| 10000 | 1.5 | 80 | 180 | 84 |" time="0"/>
  <testcase name="| 10000 | 1.5 | 80 | 180 | 84 |" classname="| 10000 | 1.5 | 80 | 180 | 84 |" time="0"/>
</testsuite>